/Users/murrayjourneay/openquake/lib/python3.6/site-packages/openquake/hazardlib/gsim/base.py:218: ExperimentalWarning: NBCC2015_AA13_inslab50_low is experimental and may change in future versions - the user is liable for their application
  warnings.warn(msg, ExperimentalWarning)
/Users/murrayjourneay/openquake/lib/python3.6/site-packages/openquake/hazardlib/gsim/base.py:218: ExperimentalWarning: NBCC2015_AA13_inslab50_central is experimental and may change in future versions - the user is liable for their application
  warnings.warn(msg, ExperimentalWarning)
/Users/murrayjourneay/openquake/lib/python3.6/site-packages/openquake/hazardlib/gsim/base.py:218: ExperimentalWarning: NBCC2015_AA13_inslab50_high is experimental and may change in future versions - the user is liable for their application
  warnings.warn(msg, ExperimentalWarning)
[2019-10-23 10:43:52,118 #22 INFO] murrayjourneay running /Users/murrayjourneay/Dropbox/gitlab/canada/jobs/scenario/regions/JdFM6p8/sDamage_JdFM6p8_s0.ini [--hc=None]
[2019-10-23 10:43:52,121 #22 INFO] Using engine version 3.7.0
[2019-10-23 10:43:53,102 #22 INFO] Zipping the input files
/Users/murrayjourneay/openquake/lib/python3.6/site-packages/openquake/hazardlib/gsim/base.py:218: ExperimentalWarning: NBCC2015_AA13_inslab50_low is experimental and may change in future versions - the user is liable for their application
  warnings.warn(msg, ExperimentalWarning)
/Users/murrayjourneay/openquake/lib/python3.6/site-packages/openquake/hazardlib/gsim/base.py:218: ExperimentalWarning: NBCC2015_AA13_inslab50_central is experimental and may change in future versions - the user is liable for their application
  warnings.warn(msg, ExperimentalWarning)
/Users/murrayjourneay/openquake/lib/python3.6/site-packages/openquake/hazardlib/gsim/base.py:218: ExperimentalWarning: NBCC2015_AA13_inslab50_high is experimental and may change in future versions - the user is liable for their application
  warnings.warn(msg, ExperimentalWarning)
[2019-10-23 10:43:54,437 #22 WARNING] Using 8 cores on MacBook-Pro-4.local
[2019-10-23 10:43:54,517 #22 INFO] Checksum of the input files: 3219322088
[2019-10-23 10:43:54,551 #22 INFO] Reading the risk model if present
[2019-10-23 10:43:57,456 #22 INFO] Reading /Users/murrayjourneay/Dropbox/gitlab/canada/models/exposure/regions/british_columbia/BC.xml
[2019-10-23 10:44:15,197 #22 INFO] Associated 162483 assets to 14703 sites
[2019-10-23 10:44:22,055 #22 INFO] 39412 assets were discarded because too far from the rupture; use `oq show discarded` to show them and `oq plot_assets` to plot them
[2019-10-23 10:44:22,408 #22 INFO] Reducing risk model from 4224 to 794 taxonomies
[2019-10-23 10:44:23,223 #22 INFO] Storing exposed_values/agg
[2019-10-23 10:44:24,611 #22 INFO] There are 3 realization(s)
[2019-10-23 10:47:49,910 #22 INFO] Building risk inputs from 3 realization(s)
[2019-10-23 10:49:05,462 #22 INFO] Built 14703 risk inputs
[2019-10-23 10:50:11,153 #22 INFO] scenario_damage 1.04 GB sent, 9 tasks submitted, 8 queued
[2019-10-23 10:50:11,747 #22 INFO] scenario_damage  11% [10 tasks submitted, 7 queued]
[2019-10-23 10:50:12,797 #22 INFO] scenario_damage  17% [11 tasks submitted, 6 queued]
[2019-10-23 10:50:13,077 #22 INFO] scenario_damage  23% [12 tasks submitted, 5 queued]
[2019-10-23 10:50:13,545 #22 INFO] scenario_damage  29% [13 tasks submitted, 4 queued]
[2019-10-23 10:50:14,032 #22 INFO] scenario_damage  35% [14 tasks submitted, 3 queued]
[2019-10-23 10:50:14,304 #22 INFO] scenario_damage  41% [15 tasks submitted, 2 queued]
[2019-10-23 10:50:14,557 #22 INFO] scenario_damage  47% [16 tasks submitted, 1 queued]
[2019-10-23 10:50:20,159 #22 INFO] scenario_damage  52% [17 tasks submitted, 0 queued]
[2019-10-23 10:51:06,415 #22 INFO] scenario_damage  58% [17 tasks submitted, 0 queued]
[2019-10-23 10:51:10,495 #22 INFO] scenario_damage  64% [17 tasks submitted, 0 queued]
[2019-10-23 10:51:11,568 #22 INFO] scenario_damage  70% [17 tasks submitted, 0 queued]
[2019-10-23 10:51:12,742 #22 INFO] scenario_damage  76% [17 tasks submitted, 0 queued]
[2019-10-23 10:51:14,258 #22 INFO] scenario_damage  82% [17 tasks submitted, 0 queued]
[2019-10-23 10:51:15,638 #22 INFO] scenario_damage  88% [17 tasks submitted, 0 queued]
[2019-10-23 10:51:15,767 #22 INFO] scenario_damage  94% [17 tasks submitted, 0 queued]
[2019-10-23 10:51:16,886 #22 INFO] scenario_damage 100% [17 tasks submitted, 0 queued]
[2019-10-23 10:51:16,903 #22 INFO] Received 80.32 MB in 131 seconds, biggest output=5.12 MB
[2019-10-23 10:51:16,906 #22 INFO] Received {'d_asset': '77.98 MB', 'd_event': '1.95 MB', 'c_asset': '238 B', 'c_event': '401.04 KB'}
[2019-10-23 10:51:17,662 #22 INFO] Exposing the outputs to the database
[2019-10-23 10:51:18,019 #22 INFO] Calculation 22 finished correctly in 443 seconds
  id | name
  87 | Aggregate Event Damages
  86 | Average Asset Damages
  88 | Events
  89 | Full Report
  90 | Ground Motion Fields
  91 | Input Files
  92 | Realizations
