/Users/murrayjourneay/openquake/lib/python3.6/site-packages/openquake/hazardlib/gsim/base.py:218: ExperimentalWarning: NBCC2015_AA13_inslab50_low is experimental and may change in future versions - the user is liable for their application
  warnings.warn(msg, ExperimentalWarning)
/Users/murrayjourneay/openquake/lib/python3.6/site-packages/openquake/hazardlib/gsim/base.py:218: ExperimentalWarning: NBCC2015_AA13_inslab50_central is experimental and may change in future versions - the user is liable for their application
  warnings.warn(msg, ExperimentalWarning)
/Users/murrayjourneay/openquake/lib/python3.6/site-packages/openquake/hazardlib/gsim/base.py:218: ExperimentalWarning: NBCC2015_AA13_inslab50_high is experimental and may change in future versions - the user is liable for their application
  warnings.warn(msg, ExperimentalWarning)
[2019-10-23 13:22:10,743 #23 INFO] murrayjourneay running /Users/murrayjourneay/Dropbox/gitlab/canada/jobs/scenario/regions/JdFM6p8/sRisk_JdFM6p8_s0.ini [--hc=None]
[2019-10-23 13:22:10,749 #23 INFO] Using engine version 3.7.0
[2019-10-23 13:22:12,017 #23 INFO] Zipping the input files
/Users/murrayjourneay/openquake/lib/python3.6/site-packages/openquake/hazardlib/gsim/base.py:218: ExperimentalWarning: NBCC2015_AA13_inslab50_low is experimental and may change in future versions - the user is liable for their application
  warnings.warn(msg, ExperimentalWarning)
/Users/murrayjourneay/openquake/lib/python3.6/site-packages/openquake/hazardlib/gsim/base.py:218: ExperimentalWarning: NBCC2015_AA13_inslab50_central is experimental and may change in future versions - the user is liable for their application
  warnings.warn(msg, ExperimentalWarning)
/Users/murrayjourneay/openquake/lib/python3.6/site-packages/openquake/hazardlib/gsim/base.py:218: ExperimentalWarning: NBCC2015_AA13_inslab50_high is experimental and may change in future versions - the user is liable for their application
  warnings.warn(msg, ExperimentalWarning)
[2019-10-23 13:22:17,708 #23 WARNING] Using 8 cores on MacBook-Pro-4.local
[2019-10-23 13:22:17,919 #23 INFO] Checksum of the input files: 2819869206
[2019-10-23 13:22:18,008 #23 INFO] Reading the risk model if present
[2019-10-23 14:08:08,805 #23 INFO] Reading /Users/murrayjourneay/Dropbox/gitlab/canada/models/exposure/regions/british_columbia/BC.xml
[2019-10-23 14:08:43,973 #23 INFO] Associated 162483 assets to 14703 sites
[2019-10-23 14:08:54,388 #23 INFO] 39412 assets were discarded because too far from the rupture; use `oq show discarded` to show them and `oq plot_assets` to plot them
[2019-10-23 14:08:54,820 #23 INFO] Reducing risk model from 7260 to 794 taxonomies
[2019-10-23 14:08:55,982 #23 INFO] Storing exposed_values/agg
[2019-10-23 14:09:01,484 #23 INFO] There are 3 realization(s)
[2019-10-23 14:15:09,753 #23 INFO] Building risk inputs from 3 realization(s)
[2019-10-23 14:17:17,464 #23 INFO] Built 14703 risk inputs
[2019-10-23 14:22:26,111 #23 INFO] scenario_risk 1.38 GB sent, 9 tasks submitted, 8 queued
[2019-10-23 14:22:36,934 #23 INFO] scenario_risk  11% [10 tasks submitted, 7 queued]
[2019-10-23 14:22:38,922 #23 INFO] scenario_risk  17% [11 tasks submitted, 6 queued]
[2019-10-23 14:22:42,468 #23 INFO] scenario_risk  23% [12 tasks submitted, 5 queued]
[2019-10-23 14:22:53,009 #23 INFO] scenario_risk  29% [13 tasks submitted, 4 queued]
[2019-10-23 14:23:00,094 #23 INFO] scenario_risk  35% [14 tasks submitted, 3 queued]
[2019-10-23 14:23:02,624 #23 INFO] scenario_risk  41% [15 tasks submitted, 2 queued]
[2019-10-23 14:23:08,779 #23 INFO] scenario_risk  47% [16 tasks submitted, 1 queued]
[2019-10-23 14:23:10,948 #23 INFO] scenario_risk  52% [17 tasks submitted, 0 queued]
[2019-10-23 16:21:21,552 #23 INFO] scenario_risk  58% [17 tasks submitted, 0 queued]
[2019-10-23 16:22:03,509 #23 INFO] scenario_risk  64% [17 tasks submitted, 0 queued]
[2019-10-23 16:22:04,929 #23 INFO] scenario_risk  70% [17 tasks submitted, 0 queued]
[2019-10-23 16:22:13,414 #23 INFO] scenario_risk  76% [17 tasks submitted, 0 queued]
[2019-10-23 16:22:20,814 #23 INFO] scenario_risk  82% [17 tasks submitted, 0 queued]
[2019-10-23 16:22:30,627 #23 INFO] scenario_risk  88% [17 tasks submitted, 0 queued]
[2019-10-23 16:22:31,023 #23 INFO] scenario_risk  94% [17 tasks submitted, 0 queued]
[2019-10-23 16:22:34,358 #23 INFO] scenario_risk 100% [17 tasks submitted, 0 queued]
[2019-10-23 16:22:34,372 #23 INFO] Received 82.94 MB in 7516 seconds, biggest output=5.29 MB
[2019-10-23 16:22:34,378 #23 INFO] Received {'agg': '799.45 KB', 'avg': '82.16 MB', 'all_losses': '1.18 KB'}
[2019-10-23 16:22:37,546 #23 INFO] Exposing the outputs to the database
[2019-10-23 16:22:38,263 #23 INFO] Calculation 23 finished correctly in 10819 seconds
  id | name
  93 | Aggregate Asset Losses
  99 | Aggregate Event Losses
  98 | Average Asset Losses
  94 | Events
  95 | Full Report
  96 | Ground Motion Fields
  97 | Input Files
 100 | Realizations
