/Users/murrayjourneay/openquake/lib/python3.6/site-packages/openquake/hazardlib/gsim/base.py:218: ExperimentalWarning: NBCC2015_AA13_inslab50_low is experimental and may change in future versions - the user is liable for their application
  warnings.warn(msg, ExperimentalWarning)
/Users/murrayjourneay/openquake/lib/python3.6/site-packages/openquake/hazardlib/gsim/base.py:218: ExperimentalWarning: NBCC2015_AA13_inslab50_central is experimental and may change in future versions - the user is liable for their application
  warnings.warn(msg, ExperimentalWarning)
/Users/murrayjourneay/openquake/lib/python3.6/site-packages/openquake/hazardlib/gsim/base.py:218: ExperimentalWarning: NBCC2015_AA13_inslab50_high is experimental and may change in future versions - the user is liable for their application
  warnings.warn(msg, ExperimentalWarning)
[2019-10-23 17:34:49,166 #25 INFO] murrayjourneay running /Users/murrayjourneay/Dropbox/gitlab/canada/jobs/scenario/regions/JdFM6p8/sRisk_JdFM6p8_s1.ini [--hc=None]
[2019-10-23 17:34:49,169 #25 INFO] Using engine version 3.7.0
[2019-10-23 17:34:50,823 #25 INFO] Zipping the input files
/Users/murrayjourneay/openquake/lib/python3.6/site-packages/openquake/hazardlib/gsim/base.py:218: ExperimentalWarning: NBCC2015_AA13_inslab50_low is experimental and may change in future versions - the user is liable for their application
  warnings.warn(msg, ExperimentalWarning)
/Users/murrayjourneay/openquake/lib/python3.6/site-packages/openquake/hazardlib/gsim/base.py:218: ExperimentalWarning: NBCC2015_AA13_inslab50_central is experimental and may change in future versions - the user is liable for their application
  warnings.warn(msg, ExperimentalWarning)
/Users/murrayjourneay/openquake/lib/python3.6/site-packages/openquake/hazardlib/gsim/base.py:218: ExperimentalWarning: NBCC2015_AA13_inslab50_high is experimental and may change in future versions - the user is liable for their application
  warnings.warn(msg, ExperimentalWarning)
[2019-10-23 17:34:52,656 #25 WARNING] Using 8 cores on MacBook-Pro-4.local
[2019-10-23 17:34:52,742 #25 INFO] Checksum of the input files: 2441987035
[2019-10-23 17:34:52,778 #25 INFO] Reading the risk model if present
[2019-10-23 17:35:15,544 #25 INFO] Reading /Users/murrayjourneay/Dropbox/gitlab/canada/models/exposure/regions/british_columbia/BC.xml
[2019-10-23 17:35:32,501 #25 INFO] Associated 162483 assets to 14703 sites
[2019-10-23 17:35:38,731 #25 INFO] 39412 assets were discarded because too far from the rupture; use `oq show discarded` to show them and `oq plot_assets` to plot them
[2019-10-23 17:35:39,066 #25 INFO] Reducing risk model from 7260 to 724 taxonomies
[2019-10-23 17:35:39,798 #25 INFO] Storing exposed_values/agg
[2019-10-23 17:35:42,824 #25 INFO] There are 3 realization(s)
[2019-10-23 17:39:07,177 #25 INFO] Building risk inputs from 3 realization(s)
[2019-10-23 17:40:22,420 #25 INFO] Built 14703 risk inputs
[2019-10-23 17:41:36,397 #25 INFO] scenario_risk 1.36 GB sent, 9 tasks submitted, 8 queued
[2019-10-23 17:41:38,327 #25 INFO] scenario_risk  11% [10 tasks submitted, 7 queued]
[2019-10-23 17:41:38,787 #25 INFO] scenario_risk  17% [11 tasks submitted, 6 queued]
[2019-10-23 17:41:42,533 #25 INFO] scenario_risk  23% [12 tasks submitted, 5 queued]
[2019-10-23 17:41:45,297 #25 INFO] scenario_risk  29% [13 tasks submitted, 4 queued]
[2019-10-23 17:41:45,924 #25 INFO] scenario_risk  35% [14 tasks submitted, 3 queued]
[2019-10-23 17:41:48,035 #25 INFO] scenario_risk  41% [15 tasks submitted, 2 queued]
[2019-10-23 17:41:48,691 #25 INFO] scenario_risk  47% [16 tasks submitted, 1 queued]
[2019-10-23 17:41:48,967 #25 INFO] scenario_risk  52% [17 tasks submitted, 0 queued]
[2019-10-23 17:42:42,351 #25 INFO] scenario_risk  58% [17 tasks submitted, 0 queued]
[2019-10-23 17:42:50,686 #25 INFO] scenario_risk  64% [17 tasks submitted, 0 queued]
[2019-10-23 17:42:53,364 #25 INFO] scenario_risk  70% [17 tasks submitted, 0 queued]
[2019-10-23 17:42:55,374 #25 INFO] scenario_risk  76% [17 tasks submitted, 0 queued]
[2019-10-23 17:42:58,360 #25 INFO] scenario_risk  82% [17 tasks submitted, 0 queued]
[2019-10-23 17:42:58,772 #25 INFO] scenario_risk  88% [17 tasks submitted, 0 queued]
[2019-10-23 17:42:59,725 #25 INFO] scenario_risk  94% [17 tasks submitted, 0 queued]
[2019-10-23 17:43:01,891 #25 INFO] scenario_risk 100% [17 tasks submitted, 0 queued]
[2019-10-23 17:43:01,904 #25 INFO] Received 82.94 MB in 159 seconds, biggest output=5.29 MB
[2019-10-23 17:43:01,907 #25 INFO] Received {'agg': '799.45 KB', 'avg': '82.16 MB', 'all_losses': '1.18 KB'}
[2019-10-23 17:43:02,757 #25 INFO] Exposing the outputs to the database
[2019-10-23 17:43:02,963 #25 INFO] Calculation 25 finished correctly in 490 seconds
  id | name
 108 | Aggregate Asset Losses
 114 | Aggregate Event Losses
 113 | Average Asset Losses
 109 | Events
 110 | Full Report
 111 | Ground Motion Fields
 112 | Input Files
 115 | Realizations
